
> reality-estate-web@0.1.0 build
> next build

  ▲ Next.js 14.2.21
  - Environments: .env.local

   Creating an optimized production build ...
Failed to compile.

./src/app/admin/components/PropertyForm.tsx
Module not found: Can't resolve '@/lib/supabase/client'

https://nextjs.org/docs/messages/module-not-found

Import trace for requested module:
./src/app/admin/page.tsx

./src/app/admin/components/PropertyList.tsx
Module not found: Can't resolve '@/lib/supabase/client'

https://nextjs.org/docs/messages/module-not-found

Import trace for requested module:
./src/app/admin/page.tsx

./src/app/admin/components/UploadImages.tsx
Module not found: Can't resolve '@/lib/supabase/client'

https://nextjs.org/docs/messages/module-not-found

Import trace for requested module:
./src/app/admin/page.tsx

./src/app/admin/page.tsx
Module not found: Can't resolve '@/lib/supabase/client'

https://nextjs.org/docs/messages/module-not-found

./src/app/properties/[id]/PropertyDetailClient.tsx
Module not found: Can't resolve '@/lib/utils'

https://nextjs.org/docs/messages/module-not-found


> Build failed because of webpack errors
